<?xml version="1.0" encoding="UTF-8"?>
<!-- Generated by org.testng.reporters.JUnitReportReporter -->
<testsuite hostname="user-PC" name="Tests.TestDemo1" tests="1" failures="0" timestamp="22 Jun 2018 15:48:11 GMT" time="0.005" errors="0">
  <testcase name="D1" time="0.005" classname="Tests.TestDemo1"/>
</testsuite> <!-- Tests.TestDemo1 -->
